C51 COMPILER V9.00   TARSERVO                                                              03/27/2012 13:36:00 PAGE 1   


C51 COMPILER V9.00, COMPILATION OF MODULE TARSERVO
OBJECT MODULE PLACED IN tarservo.OBJ
COMPILER INVOKED BY: C:\Keil\C51\BIN\C51.exe tarservo.c DB OE BR

line level    source

   1          #include "c8051f120.h"
   2          #include "tarservo.h"
   3          #include "init.h"
   4          #include "servo.h"
   5          #include <intrins.h>
   6          #include <float.h>
   7          
   8          #define NBFM            50
   9          xdata char BuferFromModem [NBFM]; // Для анализа с последовательного порта
  10          xdata char wBFM, rBFM, marBFM;   
  11          
  12          //xdata unsigned int Value[16]; 
  13          
  14          void UART0_isr(void);
  15          void UART1_isr(void);
  16          void Timer0_isr(void);
  17          
  18          //-----------------------------------------------------------------------
  19          void main(void)
  20          {
  21   1              //Для работы с последовательным портом "Модем"
  22   1              xdata char RK_code[26], nByte = 0, KontrSumma = 0, PWM;
  23   1              unsigned int Value;     
  24   1      
  25   1              WDTCN = 0xde;                   //Стоп сторожевой таймер
  26   1              WDTCN = 0xad;
  27   1      //   WDTCN = 0x07;         // Макс время = 0,021 с
  28   1      
  29   1         FLSCL = FLSCL | 1;   //Разрешение стирания/записи FLASH памяти
  30   1      
  31   1              port_init(); 
  32   1              sysclk();       
  33   1              UART0_Init();   
  34   1              UART1_Init(); 
  35   1              DAC0_init();    
  36   1              ADC_init();
  37   1              Timer0_init(); 
  38   1      
  39   1              config();
  40   1      //      DAC0 = 0x00;
  41   1      
  42   1              rBFM = wBFM = marBFM = 0;
  43   1              for(PWM = 1; PWM < 15; PWM++)
  44   1              {
  45   2                      Value = 37500;
  46   2                      write(PWM+112, Value);
  47   2              }
  48   1                      
  49   1              while(1)        
  50   1              {
  51   2              if(rBFM < wBFM+marBFM*NBFM)
  52   2              {
  53   3                              if ((BuferFromModem[rBFM] & 0xC0) == 0x40)      
  54   3                              {
  55   4                                      nByte = 0;
C51 COMPILER V9.00   TARSERVO                                                              03/27/2012 13:36:00 PAGE 2   

  56   4                                      KontrSumma = 0;
  57   4                                      PWM = BuferFromModem[rBFM] & 0x3f;
  58   4                              }
  59   3                              if (nByte > 25)
  60   3                                      nByte = 25;
  61   3                              RK_code[nByte] = BuferFromModem[rBFM] & 0x7f;
  62   3                              KontrSumma = KontrSumma^RK_code[nByte++];
  63   3      
  64   3                              if ( (nByte == 5) && (KontrSumma == 0) )
  65   3                              {
  66   4                                      Value = RK_code[1]+((unsigned int)RK_code[2] << 7)+((unsigned int)RK_code[3] << 14);
  67   4                                      write(PWM+112, Value);
  68   4                              }
  69   3      
  70   3               rBFM++;
  71   3                              if(rBFM >= NBFM)
  72   3                              {
  73   4                              rBFM = 0;
  74   4                                      marBFM = 0;     
  75   4                              }
  76   3            }
  77   2                      
  78   2              }       //while (1)
  79   1              return;
  80   1      }
  81          
  82          //-------------------------------------------------------------------
  83          void UART0_isr(void) interrupt 4
  84          {
  85   1              xdata char SFRPAGE_SAVE = SFRPAGE;
  86   1              SFRPAGE = UART0_PAGE;
  87   1              
  88   1              if (RI0)  
  89   1              { 
  90   2                      BuferFromModem [wBFM++] = SBUF0;  // read character
  91   2                      if(wBFM >= NBFM)
  92   2                      {
  93   3                      wBFM = 0;
  94   3                              marBFM = 1;     
  95   3                      }      
  96   2                      RI0 = 0;                
  97   2              }
  98   1              if (TI0)
  99   1                      TI0 = 0;
 100   1      
 101   1              SFRPAGE = SFRPAGE_SAVE;
 102   1              return;
 103   1      }
 104          
 105          //---------------------------------------------------------------------------------
 106          void UART1_isr(void) interrupt 20
 107          {
 108   1              xdata char SFRPAGE_SAVE = SFRPAGE;//, tmp;
 109   1              SFRPAGE = UART1_PAGE;                                                     
 110   1      
 111   1              if (RI1)  
 112   1                      RI1 = 0;
 113   1      
 114   1              TI1 = 0;
 115   1              SFRPAGE = SFRPAGE_SAVE;
 116   1              return;
 117   1      }
C51 COMPILER V9.00   TARSERVO                                                              03/27/2012 13:36:00 PAGE 3   

 118          
 119          //----------------------------------------------------------------------
 120          void TIMER0_ISR (void) interrupt 1
 121          {
 122   1              xdata char SFRPAGE_SAVE = SFRPAGE;
 123   1              SFRPAGE = 0;
 124   1      
 125   1              TH0 = 0xAE;     // 0xFFFF-49766400/48/FREQ = 0xAEFF
 126   1              TL0 = 0xFF;     
 127   1      
 128   1              SFRPAGE = SFRPAGE_SAVE;
 129   1              return;
 130   1      }


MODULE INFORMATION:   STATIC OVERLAYABLE
   CODE SIZE        =    553    ----
   CONSTANT SIZE    =   ----    ----
   XDATA SIZE       =     53      32
   PDATA SIZE       =   ----    ----
   DATA SIZE        =   ----       2
   IDATA SIZE       =   ----    ----
   BIT SIZE         =   ----    ----
END OF MODULE INFORMATION.


C51 COMPILATION COMPLETE.  0 WARNING(S),  0 ERROR(S)
