
BL51 BANKED LINKER/LOCATER V6.22 - SN: D1JMC-WB8JUC
COPYRIGHT KEIL ELEKTRONIK GmbH 1987 - 2009
"C:\Ivan\KNPP\VR\BPU\bpu\bpu1.obj",
"C:\Ivan\KNPP\VR\BPU\bpu\interface.obj",
"C:\Ivan\KNPP\VR\BPU\bpu\servo.obj",
"C:\Ivan\KNPP\VR\BPU\bpu\init.obj",
"C:\Ivan\KNPP\VR\BPU\bpu\mmcflash6.obj"  TO "C:\Ivan\KNPP\VR\BPU\bpu\bpu" RS(256) PL(68) PW(78) 

*** WARNING L16: UNCALLED SEGMENT, IGNORED FOR OVERLAY PROCESS
    SEGMENT: ?PR?_DECODELATORLON?BPU1

*** WARNING L16: UNCALLED SEGMENT, IGNORED FOR OVERLAY PROCESS
    SEGMENT: ?PR?OUTMODEM20?INTERFACE

*** WARNING L16: UNCALLED SEGMENT, IGNORED FOR OVERLAY PROCESS
    SEGMENT: ?PR?OUTMODEM21?INTERFACE

*** WARNING L16: UNCALLED SEGMENT, IGNORED FOR OVERLAY PROCESS
    SEGMENT: ?PR?_READ?SERVO

*** WARNING L16: UNCALLED SEGMENT, IGNORED FOR OVERLAY PROCESS
    SEGMENT: ?PR?SQRT?SQRT

*** WARNING L16: UNCALLED SEGMENT, IGNORED FOR OVERLAY PROCESS
    SEGMENT: ?PR?_ATAN2?ATAN2

*** WARNING L16: UNCALLED SEGMENT, IGNORED FOR OVERLAY PROCESS
    SEGMENT: ?PR?SIN?SIN

*** WARNING L16: UNCALLED SEGMENT, IGNORED FOR OVERLAY PROCESS
    SEGMENT: ?PR?_POW?POW

*** WARNING L16: UNCALLED SEGMENT, IGNORED FOR OVERLAY PROCESS
    SEGMENT: ?PR?_ATOI?ATOI

Program Size: data=105.6 xdata=1752 code=22261
LINK/LOCATE RUN COMPLETE.  9 WARNING(S),  0 ERROR(S)
