C51 COMPILER V9.00   MMCFLASH3                                                             07/16/2012 13:54:52 PAGE 1   


C51 COMPILER V9.00, COMPILATION OF MODULE MMCFLASH3
OBJECT MODULE PLACED IN mmcflash3.OBJ
COMPILER INVOKED BY: C:\Keil\C51\BIN\C51.exe mmcflash3.c DB OE BR

line level    source

   1          #include "c8051f120.h"
   2          #include "mmcflash3.h"
   3          #include <intrins.h>
   4          #include <stdio.h>                     
   5          #include <ctype.h> 
   6          
   7          
   8          //KZA
   9          //xdata unsigned char BufferInKZA[100];
  10          xdata unsigned char MMC_CMD = 0xff;
  11          
  12          xdata unsigned int i_CMD = 0x00;
  13          xdata unsigned char i_RST = 0x00;
  14          xdata unsigned long timeFlashOver=0;
  15          xdata unsigned char b;
  16          
  17          static xdata unsigned char Buffer[512];
  18          xdata unsigned char flash=0;
  19          
  20          xdata unsigned long address;// = 0x00000A00;
  21          
  22          
  23          //SPI------------------------------------------------------------------
  24          void SPI_Init (void)
  25          {
  26   1              SPI0CFG = 0x40;
  27   1              SPI0CN = 0x0F;
  28   1              SPI0CKR = 0x08; //2.8 Mhz
  29   1      }                                                                                                         
             -                                                                                                                        
             -                                                                  
  30          
  31          //----------------------------------------------------------------------
  32          void SPI_isr(void) interrupt 6
  33          {
  34   1              xdata unsigned int i;
  35   1              xdata unsigned char a_tmp;
  36   1              xdata char SFRPAGE_SAVE = SFRPAGE;
  37   1              SFRPAGE = SPI0_PAGE;
  38   1              
  39   1              SPIF = 0;
  40   1              if(MMC_CMD == 0xFE)
  41   1              {
  42   2                      flash=0;
  43   2                      CS = 1;
  44   2              }
  45   1              else if(MMC_CMD == 0xFF)
  46   1              {
  47   2                      flash=1;
  48   2                      CS = 1;
  49   2              }
  50   1              else if(MMC_CMD == 0x00) //init------------------------
  51   1              {
  52   2                      flash=0;
  53   2                      if(i_RST==0x00)
C51 COMPILER V9.00   MMCFLASH3                                                             07/16/2012 13:54:52 PAGE 2   

  54   2                      {
  55   3                              CS = 1;
  56   3                              i_RST++;
  57   3                              SPI0DAT = 0xFF;
  58   3                      }
  59   2                      else if((i_RST > 0x00)&&(i_RST < 0x09))
  60   2                      {
  61   3                              i_RST++;
  62   3                              SPI0DAT = 0xFF;
  63   3                      }
  64   2                      else if(i_RST == 0x09)
  65   2                      {
  66   3                              CS = 0;
  67   3                              i_RST++;
  68   3                              SPI0DAT = 0xFF;
  69   3                      }
  70   2                      else
  71   2                      {
  72   3      //CMD0------------------------------------- 
  73   3                              MMC_CMD = 0x01;
  74   3                              i_RST = 0x00;
  75   3                              SPI0DAT = 0x40;
  76   3                      }
  77   2              }
  78   1              else if((MMC_CMD == 0x01) && (i_CMD < 0x04))
  79   1              {
  80   2                      i_CMD++;                        
  81   2                      SPI0DAT = 0x00;
  82   2              }
  83   1              else if((MMC_CMD == 0x01) && (i_CMD >= 0x04))
  84   1              {
  85   2                      i_CMD = 0x00;
  86   2                      MMC_CMD = 0x02;
  87   2                      SPI0DAT = 0x95;
  88   2              }
  89   1              else if(MMC_CMD == 0x02)
  90   1              {
  91   2                      MMC_CMD = 0x03;
  92   2                      SPI0DAT = 0xFF;
  93   2              }
  94   1              else if(MMC_CMD == 0x03)
  95   1              {
  96   2                      b = SPI0DAT;
  97   2                      timeFlashOver++;
  98   2                      if(timeFlashOver > 0x00d00000)
  99   2                      {
 100   3                              timeFlashOver = 0;
 101   3                              MMC_CMD = 0xFF; 
 102   3                      }
 103   2                      
 104   2                      if(b != 0xFF);
 105   2                      {
 106   3                              MMC_CMD=0x04;
 107   3                      }
 108   2                      SPI0DAT = 0xFF;
 109   2              }
 110   1              else if(MMC_CMD == 0x04)
 111   1              {
 112   2                      timeFlashOver++;
 113   2                      if(timeFlashOver > 0x00d00000)
 114   2                      {
 115   3                              timeFlashOver=0;
C51 COMPILER V9.00   MMCFLASH3                                                             07/16/2012 13:54:52 PAGE 3   

 116   3                              MMC_CMD = 0xFF;
 117   3                      }
 118   2                      if(SPI0DAT == 0x00)
 119   2                      {
 120   3                              CS = 1;
 121   3                              flash = 1;
 122   3                              MMC_CMD = 0xFF;
 123   3                      }
 124   2                      if(SPI0DAT == 0xFF)
 125   2                      {
 126   3                              MMC_CMD = 0x05;
 127   3                              timeFlashOver = 0;
 128   3                              CS = 1;
 129   3                      }
 130   2                      SPI0DAT = 0xFF;
 131   2      //-----------------------------------------
 132   2              }
 133   1              else if(MMC_CMD == 0x05)
 134   1              {
 135   2                      if(i_RST < 0x09)
 136   2                      {
 137   3                              i_RST++;
 138   3                              SPI0DAT = 0xFF;
 139   3                      }
 140   2                      else
 141   2                      {
 142   3      //CMD1--------------------------------------  
 143   3                              CS = 0;
 144   3                              i_RST = 0x00;
 145   3                              i_CMD = 0;
 146   3                              MMC_CMD = 0x06;
 147   3                              SPI0DAT = 0x41;
 148   3                      }
 149   2              }
 150   1              else if((MMC_CMD == 0x06) && (i_CMD < 0x04))
 151   1              {
 152   2                      i_CMD++;
 153   2                      SPI0DAT = 0x00;
 154   2              }
 155   1              else if((MMC_CMD == 0x06) && (i_CMD >= 0x04))
 156   1              {
 157   2                      i_CMD = 0x00;
 158   2                      MMC_CMD=0x07;
 159   2                      SPI0DAT = 0xFF;
 160   2              }
 161   1              else if(MMC_CMD == 0x07)
 162   1              {
 163   2                      timeFlashOver++;
 164   2                      if(timeFlashOver > 0x00d00000)
 165   2                      {
 166   3                              timeFlashOver = 0;
 167   3                              flash = 0;
 168   3                              CS = 1;
 169   3                              MMC_CMD = 0xFE;
 170   3                      }
 171   2                      b = SPI0DAT;
 172   2                      if(b != 0xFF)
 173   2                              MMC_CMD=0x08;
 174   2                      SPI0DAT = 0xFF;
 175   2              }
 176   1              else if(MMC_CMD == 0x08)
 177   1              {
C51 COMPILER V9.00   MMCFLASH3                                                             07/16/2012 13:54:52 PAGE 4   

 178   2                      timeFlashOver++;
 179   2                      if(timeFlashOver > 0x00d00000)
 180   2                      {
 181   3                              timeFlashOver=0;
 182   3                              CS = 1;
 183   3                              flash = 1;
 184   3                              MMC_CMD = 0xFF;
 185   3                      }
 186   2                      if(SPI0DAT == 0xFF)
 187   2                      {
 188   3                              MMC_CMD = 0x09;
 189   3                      }
 190   2                      SPI0DAT = 0xFF;
 191   2              }
 192   1              else if(MMC_CMD == 0x09)
 193   1              {
 194   2                      if(b & 0x01)
 195   2                      {
 196   3                              MMC_CMD = 0x05;
 197   3                      }
 198   2                      else
 199   2                      {
 200   3                              CS = 1;
 201   3                              MMC_CMD = 0x0A;
 202   3                      }
 203   2                      SPI0DAT = 0xFF;
 204   2              }
 205   1              else if(MMC_CMD == 0x0A)
 206   1              {
 207   2                      flash = 1;
 208   2                      CS = 1;
 209   2                      MMC_CMD = 0xFF;
 210   2              }
 211   1              else if(MMC_CMD == 0x10) //write------------------------
 212   1              {
 213   2                      flash=0;
 214   2                      CS = 0;
 215   2                      MMC_CMD = 0x11;
 216   2                      SPI0DAT = 0xFF;
 217   2              }
 218   1              else if(MMC_CMD == 0x11) 
 219   1              {
 220   2                      MMC_CMD = 0x12;
 221   2                      SPI0DAT = 0x58;
 222   2              }
 223   1              else if(MMC_CMD == 0x12) 
 224   1              {
 225   2                      MMC_CMD = 0x13;
 226   2                      a_tmp = ((address & 0xff000000) >> 24);
 227   2                      Buffer[0] = a_tmp;
 228   2                      SPI0DAT = a_tmp;
 229   2              }
 230   1              else if(MMC_CMD == 0x13) 
 231   1              {
 232   2                      MMC_CMD = 0x14;
 233   2                      a_tmp = ((address & 0x00ff0000) >> 16);
 234   2                      Buffer[1] = a_tmp;
 235   2                      SPI0DAT = a_tmp;
 236   2              }
 237   1              else if(MMC_CMD == 0x14) 
 238   1              {
 239   2                      MMC_CMD = 0x15;
C51 COMPILER V9.00   MMCFLASH3                                                             07/16/2012 13:54:52 PAGE 5   

 240   2                      a_tmp = ((address & 0x0000ff00) >> 8);
 241   2                      Buffer[2] = a_tmp;
 242   2                      SPI0DAT = a_tmp;
 243   2              }
 244   1              else if(MMC_CMD == 0x15) 
 245   1              {
 246   2                      MMC_CMD = 0x16;
 247   2                      a_tmp = address & 0x000000ff; 
 248   2                      Buffer[3] = a_tmp;
 249   2                      SPI0DAT = a_tmp;
 250   2              }
 251   1              else if(MMC_CMD == 0x16) 
 252   1              {
 253   2                      address += 0x00000200;
 254   2                      if(address > 0x001E3000) 
 255   2                              address = 0x00000A00; //1Gb
 256   2                      MMC_CMD = 0x17;
 257   2                      SPI0DAT = 0xFF;
 258   2              }
 259   1              else if(MMC_CMD == 0x17)
 260   1              {
 261   2                      MMC_CMD = 0x18;
 262   2                      SPI0DAT = 0xFF;
 263   2              }
 264   1              else if(MMC_CMD == 0x18)
 265   1              {
 266   2                      b = SPI0DAT;    // 00-ok, 20-Adress Err, 40,60-Param Err
 267   2                      timeFlashOver++;
 268   2                      if(timeFlashOver > 0x0000F000)
 269   2                      {
 270   3                              timeFlashOver=0;
 271   3                              CS = 1;
 272   3                              flash = 1;
 273   3                              MMC_CMD = 0x00;
 274   3                              address -= 0x00000200;
 275   3                      }
 276   2      
 277   2                      if(b == 0x00)
 278   2                      {
 279   3                              //OK
 280   3                              MMC_CMD = 0x19;
 281   3                      }
 282   2                      else if(b == 0x20)
 283   2                      {
 284   3                              address = 0x00000A00;
 285   3                              CS = 1;
 286   3                              flash = 1;
 287   3                              MMC_CMD = 0xFF;
 288   3                      }
 289   2                      else if(b == 0x40 || b == 0x60)
 290   2                      {
 291   3                              timeFlashOver=0;
 292   3                              CS = 1;
 293   3                              flash = 0;
 294   3                              MMC_CMD = 0xFE;
 295   3                      }
 296   2              
 297   2                      SPI0DAT = 0xFF;
 298   2              }
 299   1              else if(MMC_CMD == 0x19)
 300   1              {
 301   2                      timeFlashOver++;
C51 COMPILER V9.00   MMCFLASH3                                                             07/16/2012 13:54:52 PAGE 6   

 302   2                      if(timeFlashOver > 0x0000F000)
 303   2                      {
 304   3                              timeFlashOver=0;
 305   3                              CS = 1;
 306   3                              flash = 1;
 307   3                              MMC_CMD = 0xFF;
 308   3                      }
 309   2                      if(SPI0DAT==0xFF)
 310   2                      {
 311   3                              MMC_CMD = 0x1A;
 312   3                      }
 313   2                      SPI0DAT = 0xFF;
 314   2              }
 315   1              else if(MMC_CMD == 0x1A)
 316   1              {
 317   2                      MMC_CMD = 0x1B;
 318   2                      SPI0DAT = 0xFE; 
 319   2              }
 320   1              else if(MMC_CMD == 0x1B)
 321   1              {
 322   2                      if(i_CMD >= 0x200)
 323   2                      {
 324   3                              i_CMD = 0;
 325   3                              MMC_CMD = 0x1C;
 326   3                              SPI0DAT = 0xFF;
 327   3                      }
 328   2                      else
 329   2                      {
 330   3                              SPI0DAT = Buffer[i_CMD++];
 331   3                      }
 332   2              }
 333   1              else if(MMC_CMD == 0x1C)
 334   1              {
 335   2                      MMC_CMD = 0x1D;
 336   2                      SPI0DAT = 0xFF;
 337   2              }
 338   1              else if(MMC_CMD == 0x1D)
 339   1              {
 340   2                      if(SPI0DAT == 0xFF)
 341   2                      {
 342   3                              MMC_CMD = 0x1E;
 343   3                              CS = 1;
 344   3                      }
 345   2                      SPI0DAT = 0xFF;
 346   2              }
 347   1              else if(MMC_CMD == 0x1E)
 348   1              {
 349   2                      MMC_CMD = 0xFF;
 350   2                      CS = 1;
 351   2                      flash = 1;
 352   2                      SPI0DAT = 0xFF;
 353   2              }
 354   1      //------------------------
 355   1              SFRPAGE = SFRPAGE_SAVE;
 356   1              return;
 357   1      }
*** WARNING C280 IN LINE 34 OF MMCFLASH3.C: 'i': unreferenced local variable
 358          
 359          //-----------------------------------------------------------------------
 360          void MMC_init(void)
 361          {
 362   1              MMC_CMD = 0x00;
C51 COMPILER V9.00   MMCFLASH3                                                             07/16/2012 13:54:52 PAGE 7   

 363   1              SPIF = 1;
 364   1              return;
 365   1      }
 366          
 367          //-----------------------------------------------------------------------
 368          void WriteMMC(unsigned char byte)
 369          {
*** WARNING C235 IN LINE 369 OF MMCFLASH3.C: parameter 1: different types
 370   1              static xdata unsigned int counterBuf = 4;
 371   1              if(MMC_CMD == 0xFE)
 372   1                      return;
 373   1              Buffer[counterBuf++] = byte;    
 374   1              if((counterBuf >= 512)&&(flash == 1))
 375   1              {
 376   2                      counterBuf = 4;
 377   2                      MMC_CMD = 0x10;
 378   2                      SPIF = 1;
 379   2              }
 380   1              else if(flash == 3)
 381   1              {
 382   2              //--------------- SPI MMC end ------------
 383   2                      MMC_CMD = 0xfe;
 384   2              }
 385   1      
 386   1              return;
 387   1      }
 388          


MODULE INFORMATION:   STATIC OVERLAYABLE
   CODE SIZE        =   1650    ----
   CONSTANT SIZE    =   ----    ----
   XDATA SIZE       =    528       4
   PDATA SIZE       =   ----    ----
   DATA SIZE        =   ----    ----
   IDATA SIZE       =   ----    ----
   BIT SIZE         =   ----    ----
END OF MODULE INFORMATION.


C51 COMPILATION COMPLETE.  2 WARNING(S),  0 ERROR(S)
