C51 COMPILER V7.01  PNS                                                                    03/14/2006 20:26:46 PAGE 1   


C51 COMPILER V7.01, COMPILATION OF MODULE PNS
OBJECT MODULE PLACED IN pns.OBJ
COMPILER INVOKED BY: D:\Keil\C51\BIN\c51.exe pns.c DB OE

stmt level    source

   1          #include "c8051f120.h"
   2          
   3          sfr16 DP       = 0x82;                 // data pointer
   4          sfr16 ADC0     = 0xbe;                 // ADC0 data
   5          sfr16 ADC0GT   = 0xc4;                 // ADC0 greater than window
   6          sfr16 ADC0LT   = 0xc6;                 // ADC0 less than window
   7          sfr16 RCAP2    = 0xca;                 // Timer2 capture/reload
   8          sfr16 RCAP3    = 0xca;                 // Timer3 capture/reload
   9          sfr16 RCAP4    = 0xca;                 // Timer4 capture/reload
  10          sfr16 TMR2     = 0xcc;                 // Timer2
  11          sfr16 TMR3     = 0xcc;                 // Timer3
  12          sfr16 TMR4     = 0xcc;                 // Timer4
  13          sfr16 DAC0     = 0xd2;                 // DAC0 data
  14          sfr16 DAC1     = 0xd2;                 // DAC1 data
  15          sfr16 PCA0CP5  = 0xe1;                 // PCA0 Module 5 capture
  16          sfr16 PCA0CP2  = 0xe9;                 // PCA0 Module 2 capture
  17          sfr16 PCA0CP3  = 0xeb;                 // PCA0 Module 3 capture
  18          sfr16 PCA0CP4  = 0xed;                 // PCA0 Module 4 capture
  19          sfr16 PCA0     = 0xf9;                 // PCA0 counter
  20          sfr16 PCA0CP0  = 0xfb;                 // PCA0 Module 0 capture
  21          sfr16 PCA0CP1  = 0xfd;                 // PCA0 Module 1 capture
  22          
  23          
  24          void config(void);
  25          void sysclk(void);
  26          void UART0_Init(void);
  27          void UART1_Init(void);
  28          void port_init(void);
  29          void UART0_isr(void);
  30          void UART1_isr(void);
  31          void ADC0_init(void);
  32          void Timer3_init(void);
  33          void ADC0_isr(void);
  34          
  35          void Timer0_init(void);
  36          void PCA_init(void);
  37          void PCA_ISR (void);
  38          /*
  39          void PWM(void);
  40          void Test (void);
  41          */
  42          void Read_flash(void);
  43          void Write_byte(void);
  44          
  45          int tmpl, tmph, tmp;
  46          char sw1 = 1, sw2, sw;
  47          int adcrdy;
  48          int i = 0, j = 0;
  49          sbit pow = P6^6;
  50          
  51          void main(void)
  52          {
  53   1              WDTCN = 0xde;
  54   1              WDTCN = 0xad;
  55   1      
C51 COMPILER V7.01  PNS                                                                    03/14/2006 20:26:46 PAGE 2   

  56   1              port_init();
  57   1              sysclk();
  58   1              UART0_Init();
  59   1              UART1_Init();
  60   1              config();
  61   1              ADC0_init();
  62   1              Timer3_init();
  63   1      
  64   1              Timer0_init();
  65   1              PCA_init();
  66   1      
  67   1              while(1)
  68   1              {
  69   2      
  70   2                      if (sw == 1)
  71   2                      {
  72   3                              SFRPAGE = 0x00;
  73   3                              SBUF0 = tmp;
  74   3                              TI0 = 1;
  75   3                      }
  76   2      //              else
  77   2      //              {
  78   2      //                      SFRPAGE = 0x00;
  79   2      //                      TI0 = 0;
  80   2      //              }
  81   2                      if (sw2 == 1)
  82   2                      {
  83   3                              SFRPAGE = UART1_PAGE;
  84   3                              SBUF1 = j;
  85   3                              TI1 = 1;
  86   3                      }
  87   2      //              else
  88   2      //              {
  89   2      //                      SFRPAGE = UART1_PAGE;
  90   2      //                      TI1 = 0;
  91   2      //              }
  92   2              }
  93   1      }
  94          
  95          void SYSCLK(void)
  96          {
  97   1              int n = 0;
  98   1      
  99   1              SFRPAGE = 0x00;
 100   1              FLSCL = 0x10;   // FLASH Memory Control
 101   1              SFRPAGE = 0x0F;
 102   1              OSCXCN = 0x67;  // EXTERNAL Oscillator Control Register 
 103   1              for (n = 0; n < 256; n++) ;            // wait for osc to start
 104   1              while ( (OSCXCN & 0x80) == 0 );        // wait for xtal to stabilize
 105   1      
 106   1              CLKSEL = 0x01;  // Oscillator Clock Selector
 107   1              OSCICN = 0x00;  // Internal Oscillator Control Register
 108   1              PLL0CN = 0x05;  // PLL Control Register 
 109   1      
 110   1              SFRPAGE = 0x00;
 111   1              FLSCL = 0x10;
 112   1      
 113   1              SFRPAGE = 0x0F;
 114   1              PLL0CN |= 0x02;
 115   1              PLL0DIV = 0x04; // PLL pre-divide Register 
 116   1              PLL0MUL = 0x09; // PLL Clock scaler Register
 117   1              PLL0FLT = 0x01; // PLL Filter Register
C51 COMPILER V7.01  PNS                                                                    03/14/2006 20:26:46 PAGE 3   

 118   1              for(n = 0; n < 60; n++);               // wait at least 5us
 119   1              PLL0CN |= 0x02;                        // enable PLL
 120   1              while ( (PLL0CN & 0x10) == 0 );        // wait for PLL to lock
 121   1      
 122   1              CLKSEL = 0x02;  // Oscillator Clock Selector 
 123   1      }
 124          
 125          void port_init(void)
 126          {
 127   1          SFRPAGE = 0x0F;
 128   1              XBR0 = 0x36;    // XBAR0: Initial Reset Value
 129   1              XBR1 = 0x00;    // XBAR1: Initial Reset Value
 130   1              XBR2 = 0x44;    // XBAR2: Initial Reset Value
 131   1      // Select Pin I/0
 132   1      
 133   1      // NOTE: Some peripheral I/O pins can function as either inputs or 
 134   1      // outputs, depending on the configuration of the peripheral. By default,
 135   1      // the configuration utility will configure these I/O pins as push-pull 
 136   1      // outputs.
 137   1                          // Port configuration (1 = Push Pull Output)
 138   1          SFRPAGE = 0x0F;
 139   1          P0MDOUT = 0x49; // Output configuration for P0 
 140   1          P1MDOUT = 0x00; // Output configuration for P1 
 141   1          P2MDOUT = 0x00; // Output configuration for P2 
 142   1          P3MDOUT = 0x00; // Output configuration for P3 
 143   1          P4MDOUT = 0x00; // Output configuration for P4
 144   1          P5MDOUT = 0x00; // Output configuration for P5
 145   1          P6MDOUT = 0x40; // Output configuration for P6
 146   1          P7MDOUT = 0x00; // Output configuration for P7
 147   1      
 148   1          P1MDIN = 0x00;  // Input configuration for P1
 149   1      }
 150          
 151          void config(void)
 152          {
 153   1              SFRPAGE = 0x00;
 154   1              RSTSRC = 0x00;  // Reset Source Register
 155   1      
 156   1              IE = 0x90;          //Interrupt Enable
 157   1              IP = 0x10;          //Interrupt Priority
 158   1              EIE1 = 0x08;        //Extended Interrupt Enable 1
 159   1              EIE2 = 0x40;        //Extended Interrupt Enable 2
 160   1              EIP1 = 0x00;        //Extended Interrupt Priority 1
 161   1              EIP2 = 0x40;        //Extended Interrupt Priority 2
 162   1      }
 163          
 164          
 165          void UART0_Init(void)
 166          {
 167   1              char SFRPAGE_SAVE = SFRPAGE;
 168   1      
 169   1              SFRPAGE = 0x00;
 170   1      
 171   1              TMR2CF = 0x08;  // Timer 2 Configuration
 172   1              RCAP2L = 0xBC;  // Timer 2 Reload Register Low Byte
 173   1              RCAP2H = 0xFE;  // Timer 2 Reload Register High Byte
 174   1              TMR2L = 0x00;   // Timer 2 Low Byte     
 175   1              TMR2H = 0x00;   // Timer 2 High Byte    
 176   1              TMR2CN = 0x04;  // Timer 2 CONTROL
 177   1              TR2 = 1;        
 178   1              SFRPAGE = UART0_PAGE;
 179   1              
C51 COMPILER V7.01  PNS                                                                    03/14/2006 20:26:46 PAGE 4   

 180   1              SCON0 = 0x50;
 181   1              SSTA0 = 0x15;
 182   1      
 183   1              SFRPAGE = SFRPAGE_SAVE;
 184   1      }
 185          
 186          void UART1_Init(void)
 187          {
 188   1              char SFRPAGE_SAVE = SFRPAGE;
 189   1      
 190   1              SFRPAGE = UART1_PAGE;
 191   1      
 192   1              SCON1 = 0x10;       // Serial Port 1 Control Register 
 193   1              
 194   1              SFRPAGE =0x00;
 195   1      
 196   1              CKCON = CKCON & 0x08;
 197   1              TMOD = 0x22;
 198   1              TH1 = 0x28;
 199   1              TL1 = TH1;
 200   1              TR1 = 1;  
 201   1      
 202   1              SFRPAGE = SFRPAGE_SAVE;
 203   1      }
 204          
 205          
 206          void UART0_isr(void) interrupt 4
 207          {
 208   1              char SFRPAGE_SAVE = SFRPAGE;
 209   1              SFRPAGE = UART0_PAGE;
 210   1      
 211   1              if(TI0)
 212   1              {
 213   2      //              SBUF0 = tmp;
 214   2                      TI0 = 0;
 215   2                      sw = 0;
 216   2              }
 217   1              if(RI0)
 218   1              {
 219   2                      RI0 = 0;
 220   2                      j = SBUF0;
 221   2                      sw2 = 1;
 222   2              }
 223   1              SFRPAGE = SFRPAGE_SAVE;
 224   1      }
 225          
 226          void UART1_isr(void) interrupt 20
 227          {
 228   1              char SFRPAGE_SAVE = SFRPAGE;
 229   1              SFRPAGE = UART1_PAGE;
 230   1      
 231   1              if(TI1)
 232   1              {
 233   2                      TI1 = 0;
 234   2                      sw2 = 0;
 235   2              }
 236   1              if(RI1)
 237   1              {
 238   2                      tmp = SBUF1;
 239   2                      RI1 = 0;
 240   2                      sw = 1;
 241   2              }
C51 COMPILER V7.01  PNS                                                                    03/14/2006 20:26:46 PAGE 5   

 242   1              SFRPAGE = SFRPAGE_SAVE;
 243   1      }
 244          
 245          
 246          void ADC0_init(void)
 247          {
 248   1              SFRPAGE = 0x00;
 249   1              REF0CN |= 0x03; // Reference Control Register
 250   1              AMX0CF = 0x00;  // AMUX Configuration Register
 251   1              ADC0CN = 0x80;
 252   1              AMX0SL = 0x00;
 253   1              ADC0CF = 0x50;
 254   1      }
 255          
 256          void Timer3_init(void)
 257          {
 258   1              SFRPAGE = 0x01;
 259   1              TMR3CN = 0;
 260   1              TMR3CF = 0x08;
 261   1              RCAP3 = 0x00;
 262   1              TMR3 = RCAP3;
 263   1              TR3 = 1;
 264   1      }
 265          
 266          
 267          
 268          void Timer0_init(void)
 269          {
 270   1              SFRPAGE = 0x00;
 271   1              CKCON = CKCON | 0x08;   // Clock Control Register
 272   1              TL0 = 0x00;     // Timer 0 Low Byte
 273   1              TH0 = 0xF1;     // Timer 0 High Byte
 274   1              TMOD = TMOD | 0x22;    // Timer Mode Register
 275   1              TCON = TCON | 0x50;    // Timer Control Register 
 276   1      }
 277          
 278          void PCA_init(void)
 279          {
 280   1              SFRPAGE = 0x00;
 281   1              PCA0MD = 0x05;       // PCA Mode Register
 282   1              PCA0CN = 0x40;      // PCA Control Register
 283   1              PCA0L = 0x00;       // PCA Counter/Timer Low Byte
 284   1              PCA0H = 0x00;       // PCA Counter/Timer High Byte      
 285   1              
 286   1                      //Module 0
 287   1              PCA0CPM0 = 0xC2;    // PCA Capture/Compare Register 0
 288   1              PCA0CPL0 = 0x2B;    // PCA Counter/Timer Low Byte
 289   1              PCA0CPH0 = 0xEB;    // PCA Counter/Timer High Byte              
 290   1      
 291   1                      //Module 1
 292   1              PCA0CPM1 = 0xC2;    // PCA Capture/Compare Register 1
 293   1              PCA0CPL1 = 0x2B;    // PCA Counter/Timer Low Byte
 294   1              PCA0CPH1 = 0xEB;    // PCA Counter/Timer High Byte              
 295   1      
 296   1                      //Module 2
 297   1              PCA0CPM2 = 0xC2;    // PCA Capture/Compare Register 2
 298   1              PCA0CPL2 = 0x2B;    // PCA Counter/Timer Low Byte
 299   1              PCA0CPH2 = 0xEB;    // PCA Counter/Timer High Byte              
 300   1      
 301   1                      //Module 3
 302   1              PCA0CPM3 = 0xC2;    // PCA Capture/Compare Register 3  
 303   1              PCA0CPL3 = 0x2B;    // PCA Counter/Timer Low Byte
C51 COMPILER V7.01  PNS                                                                    03/14/2006 20:26:46 PAGE 6   

 304   1              PCA0CPH3 = 0xEB;    // PCA Counter/Timer High Byte              
 305   1      
 306   1                      //Module 4
 307   1              PCA0CPM4 = 0xC2;    // PCA Capture/Compare Register 4   
 308   1              PCA0CPL4 = 0x2B;    // PCA Counter/Timer Low Byte
 309   1              PCA0CPH4 = 0xEB;    // PCA Counter/Timer High Byte              
 310   1      
 311   1                      //Module 5
 312   1              PCA0CPM5 = 0xC2;    // PCA Capture/Compare Register 5
 313   1              PCA0CPL5 = 0x2B;    // PCA Counter/Timer Low Byte
 314   1              PCA0CPH5 = 0xEB;    // PCA Counter/Timer High Byte
 315   1      }
 316          
 317          void PCA_ISR (void) interrupt 9
 318          {
 319   1              SFRPAGE = 0x00;
 320   1              PCA0CN &= 0xFF;
 321   1      /*      AMX0SL = 0x00;
 322   1              AD0BUSY = 1;
 323   1              while(AD0BUSY == 0)
 324   1              {
 325   1                      tmph = (ADC0&0x0fc0)>>6 | 0x80;
 326   1                      tmpl = (ADC0&0x3f) | 0xc0;
 327   1                      sw = 1;
 328   1              }
 329   1      */
 330   1      }
 331          
 332          /*
 333          void PWM(void)
 334          {
 335                  unsigned int n;
 336          
 337                  SFRPAGE = 0x00;
 338          
 339                          //Module 0 Left rudder
 340                  n=60203-21.61*Delta_left;                                               // PCA0CP0=60558 +- 1659 
 341                  PCA0CPL0 = n&0xFF;                                                      // PCA Counter/Timer Low Byte
 342                  PCA0CPH0 = (n >> 8) & 0xFF ;                                    // PCA Counter/Timer High Byte
 343          
 344                          //Module 1 Right rudder
 345                  n=60203+21.61*Delta_right;                                              // PCA0CP1=60558 +- 1659
 346                  PCA0CPL1 = n&0xFF;                                                      // PCA Counter/Timer Low Byte
 347                  PCA0CPH1 = (n >> 8) & 0xFF ;                            // PCA Counter/Timer High Byte
 348          
 349                          //Module 2 Camera LR
 350                  n=60558+55.3*Cam_LR;                                                    // PCA0CP2=60558 +- 1659
 351                  PCA0CPL2 = n&0xFF;                                                      // PCA Counter/Timer Low Byte
 352                  PCA0CPH2 = (n >> 8) & 0xFF ;                                    // PCA Counter/Timer High Byte
 353          
 354                          //Module 3 Camera UD
 355                  n=62217-33.18*Cam_UD;                                                   // PCA0CP3=62217 - 3318
 356                  PCA0CPL3 = n&0xFF;                                                      // PCA Counter/Timer Low Byte
 357                  PCA0CPH3 = (n >> 8) & 0xFF ;                                    // PCA Counter/Timer High Byte
 358          
 359                  //Module 4 Engine throttle                      
 360                  n=62217-331.8*TRT;                                                              // PCA0CP4=62217 - 3318
 361                  PCA0CPL4 = n&0xFF;                                                      // PCA Counter/Timer Low Byte
 362                  PCA0CPH4 = (n >> 8) & 0xFF ;                                    // PCA Counter/Timer High Byte          
 363          
 364          }
 365          
C51 COMPILER V7.01  PNS                                                                    03/14/2006 20:26:46 PAGE 7   

 366          
 367          
 368          void Delay(void)
 369          {
 370                  unsigned long j;
 371                  for (j=0; j<900000; j++);
 372          }
 373          
 374          
 375          
 376          void Test (void)
 377          {
 378                  Delta_left=0;
 379                  Delta_right=0;
 380          //      PWM();
 381                  Delay();
 382          
 383                  Delta_left=0;
 384                  Delta_right=0;
 385          //      PWM(); 
 386                  Delay();
 387          
 388                  Delta_left=0;
 389                  Delta_right=0;
 390          //      PWM();
 391                  Delay();
 392          
 393                  Delta_left=0;
 394                  Delta_right=0;
 395          //      PWM();
 396                  Delay();
 397          
 398                  Delta_left=0;
 399                  Delta_right=0;
 400          //      PWM(); 
 401                  Delay();
 402          
 403                  Delta_left=0;
 404                  Delta_right=0;
 405          //      PWM();
 406                  Delay();
 407          
 408          } 
 409          
 410          
 411          
 412          void ADC0_isr(void) interrupt 15
 413          {
 414                  SFRPAGE = 0x00;
 415                  AD0INT = 0;
 416                  adcrdy = 1;
 417                  tmp = (ADC0&0x0fc0)>>6 | 0x80;
 418                  SBUF0 = 0x33;
 419                  TI0 = 1;
 420                  tmp = (ADC0&0x3f) | 0xc0;
 421                  SBUF0 = tmp;
 422                  TI0 = 1;
 423                  DAC0 = 0x0000;
 424                  SFRPAGE = 0x01; 
 425                  DAC1 = 0;
 426          }
 427          
C51 COMPILER V7.01  PNS                                                                    03/14/2006 20:26:46 PAGE 8   

 428          
 429          void Write_byte(void)
 430          { 
 431                  static int Buf_Pointer=0,Page_Adr=0;
 432                  static bit buf_num=1;
 433                  idata unsigned int i=0;
 434          
 435                  SFRPAGE = 0x00;
 436          
 437                  for(tmpl = 0; tmpl< 200;tmpl ++)
 438                  {
 439                          CS=0;                                                                   // Select flash
 440                          for(i=0;i<50;i++);
 441                                                                                  // Wait 250 nS
 442                          SPIF=0;
 443                          if (buf_num) SPI0DAT=0x87;                                      // Opcode for Buffer 2 Write
 444                          else SPI0DAT=0x84;                                              // Opcode for Buffer 1 Write
 445                          while(!SPIF);
 446          
 447                          SPIF=0;
 448                          SPI0DAT=0xFF;                                                           // Don't care byte
 449                          while(!SPIF);
 450                          
 451                          SPIF=0;
 452                          SPI0DAT=(Buf_Pointer & 0x0300) >> 8;                    // 2 High bits of starting byte Adress
 453                          while(!SPIF);                                         
 454                  
 455                          SPIF=0;
 456                          SPI0DAT=Buf_Pointer & 0x00FF;                           // Low byte of starting byte Adress
 457                          while(!SPIF);
 458          
 459                          for(tmp = 0; tmp< 528;tmp ++)
 460                          {
 461                                  SPIF=0;
 462                                  SPI0DAT=tmpl;
 463                                  while(!SPIF);
 464          
 465                                  if (Buf_Pointer<527) 
 466                                          Buf_Pointer++;
 467                                  else 
 468                                  {
 469                                          CS = 1;
 470                                          for(i=0;i<10;i++);                                                              // Wait 250 nS
 471          
 472                                          while (RDY == 0);
 473          
 474                                          CS=0;             
 475                                          for(i=0;i<10;i++);                                                      // Wait 250 nS
 476          
 477                                          SPIF=0; 
 478                                          if (buf_num) SPI0DAT=0x86;                              // Oðñîde for Buffer 2 writing
 479                                          else SPI0DAT=0x83;                                      // Oðñîde for Buffer 1 writing
 480                                          while(!SPIF);
 481          
 482                                          SPIF=0;
 483                                          SPI0DAT=(Page_Adr & 0x1FC0) >> 6;                       // High 7 bits of 13-bit Page Adress
 484                                          while(!SPIF);
 485          
 486                                          SPIF=0;
 487                                          SPI0DAT=(Page_Adr & 0x003F) << 2;               // Low 6 bits of 13-bit page adress
 488                                          while(!SPIF);
 489          
C51 COMPILER V7.01  PNS                                                                    03/14/2006 20:26:46 PAGE 9   

 490                                          SPIF=0;
 491                                          SPI0DAT=0xFF;                                           // Don't care byte
 492                                          while(!SPIF);
 493          
 494                                          for(i=0;i<10;i++);                                                      // Wait 250 nS 
 495                                          CS=1;        
 496          
 497                                          buf_num=!buf_num;
 498                  
 499                                          Buf_Pointer=0;
 500                  
 501                                          if (Page_Adr<8191) Page_Adr++;
 502                                          else Page_Adr=0;
 503                                  }
 504                          }
 505                          for(i=0;i<40000;i++);                                                           // Wait 250 nS
 506                  }
 507          }                                                                                               // End Routine
 508          
 509          void Read_flash(void)
 510          {
 511                  int Page_Adr;
 512                  unsigned char i=0,j=0;
 513          
 514                  SFRPAGE = 0x00;
 515                  
 516                  RI0=0;
 517                  TI0=1;
 518          
 519                  for (Page_Adr=0;Page_Adr<8192;Page_Adr++)                               
 520                  {
 521                          CS=0;                                                                   // Select flash
 522          
 523                          for(i=0;i<10;i++);                                                      // Wait 250 nS
 524          
 525                          SPIF=0;
 526                          SPI0DAT=0x52;                                                   // Opcode for Main Memory Page Read
 527                          while(!SPIF);
 528          
 529                          SPIF=0; 
 530                          SPI0DAT=(Page_Adr & 0x1FC0) >> 6;                       // High 7 bits of 13-bit Page Adress
 531                          while(!SPIF);
 532          
 533                          SPIF=0;  
 534                          SPI0DAT=((Page_Adr & 0x003F) <<2);                      // Low 6 bits of 13-bit Page Adress and 2
 535                          while(!SPIF);                                                           // High bits of Starting byte Adress on Page
 536          
 537                          SPIF=0;
 538                          SPI0DAT=0x00;                                                           // Low byte of Starting byte Adress
 539                          while(!SPIF);
 540          
 541                          SPIF=0;
 542                          SPI0DAT=0xFF;                                                           // Don't care byte
 543                          while(!SPIF);
 544          
 545                          SPIF=0;
 546                          SPI0DAT=0xFF;                                                           // Don't care byte
 547                          while(!SPIF);
 548          
 549                          SPIF=0;
 550                          SPI0DAT=0xFF;                                                           // Don't care byte
 551                          while(!SPIF);
C51 COMPILER V7.01  PNS                                                                    03/14/2006 20:26:46 PAGE 10  

 552          
 553                          SPIF=0;
 554                          SPI0DAT=0xFF;                                                           // Don't care byte
 555                          while(!SPIF);
 556          
 557                          for (i=0;i<33;i++)
 558                          {
 559                                  while(!RI0);
 560                                  RI0=0;
 561          
 562                                  for(j=0;j<16;j++)
 563                                  {
 564                                          SPIF=0;
 565                                          SPI0DAT=0xFF;
 566                                          while(!SPIF);
 567          
 568                                          while(!TI0);
 569                                          TI0=0;
 570                                          SBUF0=SPI0DAT;
 571                                  }
 572                          }
 573                          for(i=0;i<10;i++);                                                      // Wait 250 nS
 574                          CS=1;     
 575                  }
 576          }
 577          */


MODULE INFORMATION:   STATIC OVERLAYABLE
   CODE SIZE        =    499    ----
   CONSTANT SIZE    =   ----    ----
   XDATA SIZE       =   ----    ----
   PDATA SIZE       =   ----    ----
   DATA SIZE        =     15    ----
   IDATA SIZE       =   ----    ----
   BIT SIZE         =   ----    ----
END OF MODULE INFORMATION.


C51 COMPILATION COMPLETE.  0 WARNING(S),  0 ERROR(S)
